17:31:41.490 [main] TRACE Test - trace level
17:31:41.497 [main] DEBUG Test - debug level
17:31:41.497 [main] INFO  Test - info level
17:31:41.497 [main] WARN  Test - warn level
17:31:41.498 [main] ERROR Test - error level
17:31:41.498 [main] TRACE Test - trace level
17:31:41.498 [main] DEBUG Test - debug level
17:31:41.498 [main] INFO  Test - info level
17:31:41.498 [main] WARN  Test - warn level
17:31:41.498 [main] ERROR Test - error level
17:31:41.498 [main] TRACE Test - trace level
17:31:41.498 [main] DEBUG Test - debug level
17:31:41.498 [main] INFO  Test - info level
17:31:41.499 [main] WARN  Test - warn level
17:31:41.499 [main] ERROR Test - error level
17:31:41.499 [main] TRACE Test - trace level
17:31:41.499 [main] DEBUG Test - debug level
17:31:41.499 [main] INFO  Test - info level
17:31:41.499 [main] WARN  Test - warn level
17:31:41.499 [main] ERROR Test - error level
17:31:41.499 [main] TRACE Test - trace level
17:31:41.499 [main] DEBUG Test - debug level
17:31:41.499 [main] INFO  Test - info level
17:31:41.499 [main] WARN  Test - warn level
17:31:41.500 [main] ERROR Test - error level
17:31:41.500 [main] TRACE Test - trace level
17:31:41.500 [main] DEBUG Test - debug level
17:31:41.500 [main] INFO  Test - info level
17:31:41.500 [main] WARN  Test - warn level
17:31:41.500 [main] ERROR Test - error level
17:31:41.500 [main] TRACE Test - trace level
17:31:41.500 [main] DEBUG Test - debug level
17:31:41.500 [main] INFO  Test - info level
17:31:41.500 [main] WARN  Test - warn level
17:31:41.500 [main] ERROR Test - error level
17:31:41.500 [main] TRACE Test - trace level
17:31:41.501 [main] DEBUG Test - debug level
17:31:41.501 [main] INFO  Test - info level
17:31:41.501 [main] WARN  Test - warn level
17:31:41.501 [main] ERROR Test - error level
17:31:41.501 [main] TRACE Test - trace level
17:31:41.501 [main] DEBUG Test - debug level
17:31:41.501 [main] INFO  Test - info level
17:31:41.501 [main] WARN  Test - warn level
17:31:41.501 [main] ERROR Test - error level
17:31:41.501 [main] TRACE Test - trace level
17:31:41.501 [main] DEBUG Test - debug level
17:31:41.501 [main] INFO  Test - info level
17:31:41.502 [main] WARN  Test - warn level
17:31:41.502 [main] ERROR Test - error level
17:31:42.507 [main] INFO  Test - 请求处理结束，耗时：1020毫秒
17:31:42.508 [main] INFO  Test - 请求处理结束，耗时：1026毫秒
17:32:20.637 [main] ERROR Test - error level
17:32:20.643 [main] ERROR Test - error level
17:32:20.643 [main] ERROR Test - error level
17:32:20.643 [main] ERROR Test - error level
17:32:20.643 [main] ERROR Test - error level
17:32:20.643 [main] ERROR Test - error level
17:32:20.643 [main] ERROR Test - error level
17:32:20.643 [main] ERROR Test - error level
17:32:20.643 [main] ERROR Test - error level
17:32:20.644 [main] ERROR Test - error level
08:41:23.087 [main] ERROR Test - error level
08:41:23.092 [main] ERROR Test - error level
08:41:23.092 [main] ERROR Test - error level
08:41:23.093 [main] ERROR Test - error level
08:41:23.093 [main] ERROR Test - error level
08:41:23.093 [main] ERROR Test - error level
08:41:23.093 [main] ERROR Test - error level
08:41:23.093 [main] ERROR Test - error level
08:41:23.093 [main] ERROR Test - error level
08:41:23.094 [main] ERROR Test - error level
09:34:11.979 [main] ERROR Test - error level
09:34:11.995 [main] ERROR Test - error level
09:34:11.995 [main] ERROR Test - error level
09:34:11.996 [main] ERROR Test - error level
09:34:11.996 [main] ERROR Test - error level
09:34:11.996 [main] ERROR Test - error level
09:34:11.996 [main] ERROR Test - error level
09:34:11.996 [main] ERROR Test - error level
09:34:11.996 [main] ERROR Test - error level
09:34:11.997 [main] ERROR Test - error level
09:34:46.220 [main] ERROR Test - error level
09:34:46.227 [main] ERROR Test - error level
09:34:46.227 [main] ERROR Test - error level
09:34:46.227 [main] ERROR Test - error level
09:34:46.227 [main] ERROR Test - error level
09:34:46.227 [main] ERROR Test - error level
09:34:46.227 [main] ERROR Test - error level
09:34:46.227 [main] ERROR Test - error level
09:34:46.227 [main] ERROR Test - error level
09:34:46.227 [main] ERROR Test - error level
09:35:44.549 [main] ERROR Test - error level
09:35:44.556 [main] ERROR Test - error level
09:35:44.557 [main] ERROR Test - error level
09:35:44.557 [main] ERROR Test - error level
09:35:44.557 [main] ERROR Test - error level
09:35:44.557 [main] ERROR Test - error level
09:35:44.557 [main] ERROR Test - error level
09:35:44.557 [main] ERROR Test - error level
09:35:44.557 [main] ERROR Test - error level
09:35:44.557 [main] ERROR Test - error level
11:07:52.817 [main] ERROR Test - error level
11:07:52.824 [main] ERROR Test - error level
11:07:52.824 [main] ERROR Test - error level
11:07:52.825 [main] ERROR Test - error level
11:07:52.825 [main] ERROR Test - error level
11:07:52.825 [main] ERROR Test - error level
11:07:52.825 [main] ERROR Test - error level
11:07:52.825 [main] ERROR Test - error level
11:07:52.825 [main] ERROR Test - error level
11:07:52.825 [main] ERROR Test - error level
11:14:09.569 [main] ERROR Test - error level
11:14:09.584 [main] ERROR Test - error level
11:14:09.584 [main] ERROR Test - error level
11:14:09.584 [main] ERROR Test - error level
11:14:09.584 [main] ERROR Test - error level
11:14:09.584 [main] ERROR Test - error level
11:14:09.584 [main] ERROR Test - error level
11:14:09.584 [main] ERROR Test - error level
11:14:09.584 [main] ERROR Test - error level
11:14:09.585 [main] ERROR Test - error level
